2023-02-09 09:55:42,140 aeolis.model INFO     **********************************************************
2023-02-09 09:55:42,140 aeolis.model INFO                                                               
2023-02-09 09:55:42,140 aeolis.model INFO              d8888                   888      d8b  .d8888b.   
2023-02-09 09:55:42,141 aeolis.model INFO             d88888                   888      Y8P d88P  Y88b  
2023-02-09 09:55:42,141 aeolis.model INFO            d88P888                   888          Y88b.       
2023-02-09 09:55:42,141 aeolis.model INFO           d88P 888  .d88b.   .d88b.  888      888  "Y888b.    
2023-02-09 09:55:42,145 aeolis.model INFO          d88P  888 d8P  Y8b d88""88b 888      888     "Y88b.  
2023-02-09 09:55:42,145 aeolis.model INFO         d88P   888 88888888 888  888 888      888       "888  
2023-02-09 09:55:42,146 aeolis.model INFO        d8888888888 Y8b.     Y88..88P 888      888 Y88b  d88P  
2023-02-09 09:55:42,146 aeolis.model INFO       d88P     888  "Y8888   "Y88P"  88888888 888  "Y8888P"   
2023-02-09 09:55:42,146 aeolis.model INFO                                                               
2023-02-09 09:55:42,146 aeolis.model INFO       Version:  2.0.0.alpha1                                 
2023-02-09 09:55:42,146 aeolis.model INFO       Git hash:                                              
2023-02-09 09:55:42,146 aeolis.model INFO                                                               
2023-02-09 09:55:42,147 aeolis.model INFO     **********************************************************
2023-02-09 09:55:42,147 aeolis.model INFO     PARAMETER SETTINGS                                        
2023-02-09 09:55:42,147 aeolis.model INFO     **********************************************************
2023-02-09 09:55:42,147 aeolis.model INFO       Aa                     = 0.085000
2023-02-09 09:55:42,147 aeolis.model INFO       CFL                    = 1.00
2023-02-09 09:55:42,147 aeolis.model INFO       Cb                     = 1.50
2023-02-09 09:55:42,147 aeolis.model INFO       Cdk                    = 5
2023-02-09 09:55:42,147 aeolis.model INFO       Ck                     = 2.78
2023-02-09 09:55:42,148 aeolis.model INFO       Cl                     = 6.70
2023-02-09 09:55:42,148 aeolis.model INFO       Cl_gw                  = 0.700000
2023-02-09 09:55:42,148 aeolis.model INFO       D_gw                   = 12
2023-02-09 09:55:42,148 aeolis.model INFO       GW_stat                = 1
2023-02-09 09:55:42,148 aeolis.model INFO       K_gw                   = 0.000780
2023-02-09 09:55:42,148 aeolis.model INFO       L                      = 100.00
2023-02-09 09:55:42,148 aeolis.model INFO       T                      = 1.00
2023-02-09 09:55:42,149 aeolis.model INFO       Tbedreset              = 86400.00
2023-02-09 09:55:42,149 aeolis.model INFO       Tdry                   = 7200
2023-02-09 09:55:42,149 aeolis.model INFO       Tsalt                  = 2592000.00
2023-02-09 09:55:42,149 aeolis.model INFO       V_lat                  = 0.000000
2023-02-09 09:55:42,149 aeolis.model INFO       V_ver                  = 0.000000
2023-02-09 09:55:42,149 aeolis.model INFO       accfac                 = 1.00
2023-02-09 09:55:42,149 aeolis.model INFO       alfa                   = 0
2023-02-09 09:55:42,149 aeolis.model INFO       alfad_moist            = -0.035000
2023-02-09 09:55:42,149 aeolis.model INFO       alfaw_moist            = -0.070000
2023-02-09 09:55:42,149 aeolis.model INFO       avg_time               = 86400.00
2023-02-09 09:55:42,149 aeolis.model INFO       beach_slope            = 0.100000
2023-02-09 09:55:42,150 aeolis.model INFO       bed_file               = ../data/grids/z_20110803.grd
2023-02-09 09:55:42,150 aeolis.model INFO       bedcomp_file           = <novalue>
2023-02-09 09:55:42,150 aeolis.model INFO       beta                   = 130.00
2023-02-09 09:55:42,150 aeolis.model INFO       bi                     = 0.050000
2023-02-09 09:55:42,150 aeolis.model INFO       boundary_gw            = no_flow
2023-02-09 09:55:42,150 aeolis.model INFO       boundary_lateral       = circular
2023-02-09 09:55:42,150 aeolis.model INFO       boundary_offshore      = constant
2023-02-09 09:55:42,150 aeolis.model INFO       boundary_onshore       = constant
2023-02-09 09:55:42,150 aeolis.model INFO       buffer_width           = 10
2023-02-09 09:55:42,150 aeolis.model INFO       c_b                    = 0.200000
2023-02-09 09:55:42,150 aeolis.model INFO       callback               = <novalue>
2023-02-09 09:55:42,151 aeolis.model INFO       constant_offshore_flux = 0.000000
2023-02-09 09:55:42,151 aeolis.model INFO       constant_onshore_flux  = 0.000000
2023-02-09 09:55:42,151 aeolis.model INFO       cpair                  = 0.001004
2023-02-09 09:55:42,151 aeolis.model INFO       csalt                  = 0.035000
2023-02-09 09:55:42,151 aeolis.model INFO       dt                     = 10800
2023-02-09 09:55:42,151 aeolis.model INFO       dune_toe_elevation     = 3
2023-02-09 09:55:42,151 aeolis.model INFO       dx                     = 1.00
2023-02-09 09:55:42,151 aeolis.model INFO       dy                     = 1.00
2023-02-09 09:55:42,152 aeolis.model INFO       dzb_interval           = 86400.00
2023-02-09 09:55:42,152 aeolis.model INFO       dzb_opt                = 0.000000
2023-02-09 09:55:42,152 aeolis.model INFO       eps                    = 0.001000
2023-02-09 09:55:42,152 aeolis.model INFO       external_vars          = 
2023-02-09 09:55:42,152 aeolis.model INFO       facDOD                 = 0.500000
2023-02-09 09:55:42,152 aeolis.model INFO       fc                     = 0.110000
2023-02-09 09:55:42,152 aeolis.model INFO       fence_file             = <novalue>
2023-02-09 09:55:42,152 aeolis.model INFO       g                      = 9.81
2023-02-09 09:55:42,152 aeolis.model INFO       gamma                  = 0.500000
2023-02-09 09:55:42,152 aeolis.model INFO       gamma_vegshear         = 16.00
2023-02-09 09:55:42,153 aeolis.model INFO       germinate              = 0.000000
2023-02-09 09:55:42,153 aeolis.model INFO       grain_dist             = 1.00
2023-02-09 09:55:42,153 aeolis.model INFO       grain_size             = 0.000300
2023-02-09 09:55:42,153 aeolis.model INFO       gw_mask                = <novalue>
2023-02-09 09:55:42,153 aeolis.model INFO       h                      = 10.00
2023-02-09 09:55:42,153 aeolis.model INFO       hveg_max               = 1
2023-02-09 09:55:42,153 aeolis.model INFO       in_gw                  = 0
2023-02-09 09:55:42,153 aeolis.model INFO       k                      = 0.010000
2023-02-09 09:55:42,153 aeolis.model INFO       kappa                  = 0.410000
2023-02-09 09:55:42,153 aeolis.model INFO       l                      = 10.00
2023-02-09 09:55:42,153 aeolis.model INFO       lateral                = 0.000000
2023-02-09 09:55:42,154 aeolis.model INFO       lateral_flux           = 0.000000
2023-02-09 09:55:42,154 aeolis.model INFO       layer_thickness        = 0.050000
2023-02-09 09:55:42,154 aeolis.model INFO       max_bedlevel_change    = 0.010000
2023-02-09 09:55:42,154 aeolis.model INFO       max_error              = 0.000001
2023-02-09 09:55:42,154 aeolis.model INFO       max_iter               = 1000
2023-02-09 09:55:42,154 aeolis.model INFO       max_iter_ava           = 1000
2023-02-09 09:55:42,154 aeolis.model INFO       md_moist               = 0.420000
2023-02-09 09:55:42,154 aeolis.model INFO       meteo_file             = <novalue>
2023-02-09 09:55:42,154 aeolis.model INFO       method_grainspeed      = windspeed
2023-02-09 09:55:42,154 aeolis.model INFO       method_moist_process   = infiltration
2023-02-09 09:55:42,154 aeolis.model INFO       method_moist_threshold = belly_johnson
2023-02-09 09:55:42,155 aeolis.model INFO       method_roughness       = constant
2023-02-09 09:55:42,155 aeolis.model INFO       method_transport       = bagnold
2023-02-09 09:55:42,155 aeolis.model INFO       mu_b                   = 30
2023-02-09 09:55:42,155 aeolis.model INFO       mw_moist               = 0.570000
2023-02-09 09:55:42,155 aeolis.model INFO       nd_moist               = 4.50
2023-02-09 09:55:42,155 aeolis.model INFO       ne_file                = <novalue>
2023-02-09 09:55:42,155 aeolis.model INFO       ne_gw                  = 0.300000
2023-02-09 09:55:42,155 aeolis.model INFO       nfractions             = 1
2023-02-09 09:55:42,155 aeolis.model INFO       nlayers                = 3
2023-02-09 09:55:42,155 aeolis.model INFO       nw_moist               = 2.30
2023-02-09 09:55:42,156 aeolis.model INFO       nx                     = 0
2023-02-09 09:55:42,156 aeolis.model INFO       ny                     = 0
2023-02-09 09:55:42,156 aeolis.model INFO       offshore_flux          = 0.130000
2023-02-09 09:55:42,156 aeolis.model INFO       okin_c1_fence          = 0.480000
2023-02-09 09:55:42,156 aeolis.model INFO       okin_c1_veg            = 0.480000
2023-02-09 09:55:42,156 aeolis.model INFO       okin_initialred_fence  = 0.320000
2023-02-09 09:55:42,156 aeolis.model INFO       okin_initialred_veg    = 0.320000
2023-02-09 09:55:42,156 aeolis.model INFO       onshore_flux           = 0.000000
2023-02-09 09:55:42,156 aeolis.model INFO       output_file            = C:\Data\OneDrive - Lund University\DUNEFORCE\Aeolis\Aeolis_shortcourse_proj\aeolis-shortcourse\Sandmotor\models\sandmotor_10year_sorting0_tide0_waves0.nc
2023-02-09 09:55:42,156 aeolis.model INFO       output_times           = 604800
2023-02-09 09:55:42,156 aeolis.model INFO       output_types           = 
2023-02-09 09:55:42,156 aeolis.model INFO       output_vars            = zb
2023-02-09 09:55:42,157 aeolis.model INFO                                zs
2023-02-09 09:55:42,157 aeolis.model INFO                                Ct
2023-02-09 09:55:42,157 aeolis.model INFO                                Cu
2023-02-09 09:55:42,157 aeolis.model INFO                                uth
2023-02-09 09:55:42,157 aeolis.model INFO                                uw
2023-02-09 09:55:42,157 aeolis.model INFO                                uws
2023-02-09 09:55:42,157 aeolis.model INFO                                uwn
2023-02-09 09:55:42,157 aeolis.model INFO                                mass
2023-02-09 09:55:42,157 aeolis.model INFO                                pickup_sum
2023-02-09 09:55:42,157 aeolis.model INFO       porosity               = 0.400000
2023-02-09 09:55:42,157 aeolis.model INFO       process_avalanche      = F
2023-02-09 09:55:42,158 aeolis.model INFO       process_bedupdate      = T
2023-02-09 09:55:42,158 aeolis.model INFO       process_dune_erosion   = F
2023-02-09 09:55:42,158 aeolis.model INFO       process_fences         = F
2023-02-09 09:55:42,158 aeolis.model INFO       process_groundwater    = F
2023-02-09 09:55:42,158 aeolis.model INFO       process_humidity       = F
2023-02-09 09:55:42,158 aeolis.model INFO       process_inertia        = F
2023-02-09 09:55:42,158 aeolis.model INFO       process_meteo          = F
2023-02-09 09:55:42,158 aeolis.model INFO       process_mixtoplayer    = T
2023-02-09 09:55:42,158 aeolis.model INFO       process_moist          = T
2023-02-09 09:55:42,158 aeolis.model INFO       process_runup          = T
2023-02-09 09:55:42,158 aeolis.model INFO       process_salt           = F
2023-02-09 09:55:42,159 aeolis.model INFO       process_scanning       = F
2023-02-09 09:55:42,159 aeolis.model INFO       process_seepage_face   = F
2023-02-09 09:55:42,159 aeolis.model INFO       process_separation     = F
2023-02-09 09:55:42,159 aeolis.model INFO       process_shear          = F
2023-02-09 09:55:42,159 aeolis.model INFO       process_threshold      = T
2023-02-09 09:55:42,159 aeolis.model INFO       process_tide           = T
2023-02-09 09:55:42,159 aeolis.model INFO       process_transport      = T
2023-02-09 09:55:42,159 aeolis.model INFO       process_vegetation     = F
2023-02-09 09:55:42,159 aeolis.model INFO       process_wave           = T
2023-02-09 09:55:42,159 aeolis.model INFO       process_wet_bed_reset  = F
2023-02-09 09:55:42,159 aeolis.model INFO       process_wind           = T
2023-02-09 09:55:42,159 aeolis.model INFO       refdate                = 2011-08-03
2023-02-09 09:55:42,160 aeolis.model INFO       resd_moist             = 0.010000
2023-02-09 09:55:42,160 aeolis.model INFO       restart                = <novalue>
2023-02-09 09:55:42,160 aeolis.model INFO       resw_moist             = 0.010000
2023-02-09 09:55:42,160 aeolis.model INFO       rhoa                   = 1.23
2023-02-09 09:55:42,160 aeolis.model INFO       rhog                   = 2650.00
2023-02-09 09:55:42,161 aeolis.model INFO       rhoveg_max             = 0.500000
2023-02-09 09:55:42,161 aeolis.model INFO       rhow                   = 1025.00
2023-02-09 09:55:42,161 aeolis.model INFO       runup_mask             = <novalue>
2023-02-09 09:55:42,161 aeolis.model INFO       satd_moist             = 0.500000
2023-02-09 09:55:42,161 aeolis.model INFO       satw_moist             = 0.350000
2023-02-09 09:55:42,161 aeolis.model INFO       scheme                 = euler_backward
2023-02-09 09:55:42,162 aeolis.model INFO       sedimentinput          = 0.000000
2023-02-09 09:55:42,162 aeolis.model INFO       sep_filter_iterations  = 0
2023-02-09 09:55:42,162 aeolis.model INFO       sigma                  = 4.20
2023-02-09 09:55:42,162 aeolis.model INFO       solver                 = pieter
2023-02-09 09:55:42,162 aeolis.model INFO       t_veg                  = 3
2023-02-09 09:55:42,162 aeolis.model INFO       tfac_gw                = 10
2023-02-09 09:55:42,162 aeolis.model INFO       th_bedslope            = F
2023-02-09 09:55:42,162 aeolis.model INFO       th_drylayer            = F
2023-02-09 09:55:42,162 aeolis.model INFO       th_grainsize           = T
2023-02-09 09:55:42,162 aeolis.model INFO       th_humidity            = F
2023-02-09 09:55:42,163 aeolis.model INFO       th_moisture            = T
2023-02-09 09:55:42,163 aeolis.model INFO       th_nelayer             = F
2023-02-09 09:55:42,163 aeolis.model INFO       th_roughness           = T
2023-02-09 09:55:42,163 aeolis.model INFO       th_salt                = F
2023-02-09 09:55:42,163 aeolis.model INFO       th_sheltering          = F
2023-02-09 09:55:42,163 aeolis.model INFO       theta_dyn              = 33.00
2023-02-09 09:55:42,163 aeolis.model INFO       theta_stat             = 34.00
2023-02-09 09:55:42,163 aeolis.model INFO       thick_moist            = 0.002000
2023-02-09 09:55:42,163 aeolis.model INFO       threshold_file         = <novalue>
2023-02-09 09:55:42,163 aeolis.model INFO       threshold_mask         = ../data/grids/threshold.grd
2023-02-09 09:55:42,163 aeolis.model INFO       tide_file              = ../data/bc/tide_none.txt
2023-02-09 09:55:42,164 aeolis.model INFO       tide_mask              = <novalue>
2023-02-09 09:55:42,164 aeolis.model INFO       tstart                 = 0
2023-02-09 09:55:42,164 aeolis.model INFO       tstop                  = 315576000
2023-02-09 09:55:42,164 aeolis.model INFO       v                      = 0.000015
2023-02-09 09:55:42,164 aeolis.model INFO       v_gam                  = 1
2023-02-09 09:55:42,164 aeolis.model INFO       veg_file               = <novalue>
2023-02-09 09:55:42,164 aeolis.model INFO       veg_gamma              = 1.00
2023-02-09 09:55:42,164 aeolis.model INFO       veg_min_elevation      = 3
2023-02-09 09:55:42,164 aeolis.model INFO       veg_sigma              = 0.800000
2023-02-09 09:55:42,165 aeolis.model INFO       veggrowth_type         = orig
2023-02-09 09:55:42,165 aeolis.model INFO       vegshear_type          = raupach
2023-02-09 09:55:42,165 aeolis.model INFO       visualization          = F
2023-02-09 09:55:42,165 aeolis.model INFO       w1_5                   = 0.020000
2023-02-09 09:55:42,165 aeolis.model INFO       wave_file              = ../data/bc/waves_none.txt
2023-02-09 09:55:42,165 aeolis.model INFO       wave_mask              = <novalue>
2023-02-09 09:55:42,165 aeolis.model INFO       wind_convention        = cartesian
2023-02-09 09:55:42,165 aeolis.model INFO       wind_file              = ../data/bc/wind_constant.txt
2023-02-09 09:55:42,165 aeolis.model INFO       xgrid_file             = ../data/grids/x.grd
2023-02-09 09:55:42,165 aeolis.model INFO       xi                     = 0.300000
2023-02-09 09:55:42,165 aeolis.model INFO       ygrid_file             = ../data/grids/y.grd
2023-02-09 09:55:42,165 aeolis.model INFO       z                      = 10.00
2023-02-09 09:55:42,166 aeolis.model INFO       zsep_y_filter          = F
2023-02-09 09:55:42,166 aeolis.model INFO     **********************************************************
2023-02-09 09:55:42,166 aeolis.model INFO     
2023-02-09 09:55:42,229 aeolis.model INFO             Time elapsed / Total time / Time remaining / Average Timestep
2023-02-09 09:55:42,230 aeolis.model INFO     000.0%       0:00:00 /    0:12:39 /        0:12:39 / 10800.0
2023-02-09 09:55:43,514 aeolis.model INFO     001.0%       0:00:01 /    0:02:11 /        0:02:09 / 10800.0
2023-02-09 09:55:44,785 aeolis.model INFO     002.0%       0:00:03 /    0:02:09 /        0:02:06 / 10800.0
2023-02-09 09:55:46,060 aeolis.model INFO     003.0%       0:00:04 /    0:02:09 /        0:02:05 / 10800.0
2023-02-09 09:55:47,334 aeolis.model INFO     004.0%       0:00:05 /    0:02:08 /        0:02:03 / 10800.0
2023-02-09 09:55:48,633 aeolis.model INFO     005.0%       0:00:06 /    0:02:09 /        0:02:02 / 10800.0
2023-02-09 09:55:49,905 aeolis.model INFO     006.0%       0:00:08 /    0:02:08 /        0:02:01 / 10800.0
2023-02-09 09:55:51,160 aeolis.model INFO     007.0%       0:00:09 /    0:02:08 /        0:01:59 / 10800.0
2023-02-09 09:55:52,430 aeolis.model INFO     008.0%       0:00:10 /    0:02:08 /        0:01:58 / 10800.0
2023-02-09 09:55:53,745 aeolis.model INFO     009.0%       0:00:12 /    0:02:08 /        0:01:57 / 10800.0
2023-02-09 09:55:55,133 aeolis.model INFO     010.0%       0:00:13 /    0:02:09 /        0:01:56 / 10800.0
2023-02-09 09:55:56,415 aeolis.model INFO     011.0%       0:00:14 /    0:02:09 /        0:01:55 / 10800.0
2023-02-09 09:55:57,693 aeolis.model INFO     012.0%       0:00:15 /    0:02:09 /        0:01:54 / 10800.0
2023-02-09 09:55:58,958 aeolis.model INFO     013.0%       0:00:17 /    0:02:09 /        0:01:52 / 10800.0
2023-02-09 09:56:00,240 aeolis.model INFO     014.0%       0:00:18 /    0:02:09 /        0:01:51 / 10800.0
2023-02-09 09:56:01,524 aeolis.model INFO     015.0%       0:00:19 /    0:02:09 /        0:01:49 / 10800.0
2023-02-09 09:56:02,817 aeolis.model INFO     016.0%       0:00:21 /    0:02:09 /        0:01:48 / 10800.0
2023-02-09 09:56:04,248 aeolis.model INFO     017.0%       0:00:22 /    0:02:10 /        0:01:48 / 10800.0
2023-02-09 09:56:05,517 aeolis.model INFO     018.0%       0:00:23 /    0:02:10 /        0:01:46 / 10800.0
2023-02-09 09:56:06,855 aeolis.model INFO     019.0%       0:00:25 /    0:02:10 /        0:01:45 / 10800.0
2023-02-09 09:56:08,211 aeolis.model INFO     020.0%       0:00:26 /    0:02:10 /        0:01:44 / 10800.0
2023-02-09 09:56:09,499 aeolis.model INFO     021.0%       0:00:27 /    0:02:10 /        0:01:43 / 10800.0
2023-02-09 09:56:11,007 aeolis.model INFO     022.0%       0:00:29 /    0:02:11 /        0:01:42 / 10800.0
2023-02-09 09:56:12,327 aeolis.model INFO     023.0%       0:00:30 /    0:02:11 /        0:01:41 / 10800.0
2023-02-09 09:56:13,627 aeolis.model INFO     024.0%       0:00:31 /    0:02:11 /        0:01:40 / 10800.0
2023-02-09 09:56:14,917 aeolis.model INFO     025.0%       0:00:33 /    0:02:11 /        0:01:38 / 10800.0
2023-02-09 09:56:16,204 aeolis.model INFO     026.0%       0:00:34 /    0:02:11 /        0:01:37 / 10800.0
2023-02-09 09:56:17,513 aeolis.model INFO     027.0%       0:00:35 /    0:02:11 /        0:01:35 / 10800.0
2023-02-09 09:56:18,816 aeolis.model INFO     028.0%       0:00:37 /    0:02:11 /        0:01:34 / 10800.0
2023-02-09 09:56:20,110 aeolis.model INFO     029.0%       0:00:38 /    0:02:11 /        0:01:33 / 10800.0
2023-02-09 09:56:21,448 aeolis.model INFO     030.0%       0:00:39 /    0:02:11 /        0:01:32 / 10800.0
2023-02-09 09:56:22,894 aeolis.model INFO     031.0%       0:00:41 /    0:02:11 /        0:01:31 / 10800.0
2023-02-09 09:56:24,191 aeolis.model INFO     032.0%       0:00:42 /    0:02:11 /        0:01:29 / 10800.0
2023-02-09 09:56:25,497 aeolis.model INFO     033.0%       0:00:43 /    0:02:11 /        0:01:28 / 10800.0
2023-02-09 09:56:26,839 aeolis.model INFO     034.0%       0:00:45 /    0:02:11 /        0:01:27 / 10800.0
2023-02-09 09:56:28,165 aeolis.model INFO     035.0%       0:00:46 /    0:02:11 /        0:01:25 / 10800.0
2023-02-09 09:56:29,457 aeolis.model INFO     036.0%       0:00:47 /    0:02:11 /        0:01:24 / 10800.0
2023-02-09 09:56:30,817 aeolis.model INFO     037.0%       0:00:49 /    0:02:11 /        0:01:23 / 10800.0
2023-02-09 09:56:32,278 aeolis.model INFO     038.0%       0:00:50 /    0:02:12 /        0:01:22 / 10800.0
2023-02-09 09:56:33,574 aeolis.model INFO     039.0%       0:00:51 /    0:02:12 /        0:01:20 / 10800.0
2023-02-09 09:56:34,872 aeolis.model INFO     040.0%       0:00:53 /    0:02:12 /        0:01:19 / 10800.0
2023-02-09 09:56:36,161 aeolis.model INFO     041.0%       0:00:54 /    0:02:12 /        0:01:18 / 10800.0
2023-02-09 09:56:37,482 aeolis.model INFO     042.0%       0:00:55 /    0:02:12 /        0:01:16 / 10800.0
2023-02-09 09:56:38,794 aeolis.model INFO     043.0%       0:00:57 /    0:02:12 /        0:01:15 / 10800.0
2023-02-09 09:56:40,122 aeolis.model INFO     044.0%       0:00:58 /    0:02:12 /        0:01:14 / 10800.0
2023-02-09 09:56:41,437 aeolis.model INFO     045.0%       0:00:59 /    0:02:12 /        0:01:12 / 10800.0
2023-02-09 09:56:42,789 aeolis.model INFO     046.0%       0:01:01 /    0:02:12 /        0:01:11 / 10800.0
2023-02-09 09:56:44,060 aeolis.model INFO     047.0%       0:01:02 /    0:02:12 /        0:01:10 / 10800.0
2023-02-09 09:56:45,335 aeolis.model INFO     048.0%       0:01:03 /    0:02:12 /        0:01:08 / 10800.0
2023-02-09 09:56:46,616 aeolis.model INFO     049.0%       0:01:04 /    0:02:11 /        0:01:07 / 10800.0
2023-02-09 09:56:47,915 aeolis.model INFO     050.0%       0:01:06 /    0:02:11 /        0:01:06 / 10800.0
2023-02-09 09:56:49,201 aeolis.model INFO     051.0%       0:01:07 /    0:02:11 /        0:01:04 / 10800.0
2023-02-09 09:56:50,487 aeolis.model INFO     052.0%       0:01:08 /    0:02:11 /        0:01:03 / 10800.0
2023-02-09 09:56:51,761 aeolis.model INFO     053.0%       0:01:10 /    0:02:11 /        0:01:02 / 10800.0
2023-02-09 09:56:53,031 aeolis.model INFO     054.0%       0:01:11 /    0:02:11 /        0:01:00 / 10800.0
2023-02-09 09:56:54,323 aeolis.model INFO     055.0%       0:01:12 /    0:02:11 /        0:00:59 / 10800.0
2023-02-09 09:56:55,596 aeolis.model INFO     056.0%       0:01:13 /    0:02:11 /        0:00:58 / 10800.0
2023-02-09 09:56:56,862 aeolis.model INFO     057.0%       0:01:15 /    0:02:11 /        0:00:56 / 10800.0
2023-02-09 09:56:58,154 aeolis.model INFO     058.0%       0:01:16 /    0:02:11 /        0:00:55 / 10800.0
2023-02-09 09:56:59,478 aeolis.model INFO     059.0%       0:01:17 /    0:02:11 /        0:00:54 / 10800.0
2023-02-09 09:57:00,792 aeolis.model INFO     060.0%       0:01:19 /    0:02:11 /        0:00:52 / 10800.0
2023-02-09 09:57:02,119 aeolis.model INFO     061.0%       0:01:20 /    0:02:11 /        0:00:51 / 10800.0
2023-02-09 09:57:03,404 aeolis.model INFO     062.0%       0:01:21 /    0:02:11 /        0:00:50 / 10800.0
2023-02-09 09:57:04,669 aeolis.model INFO     063.0%       0:01:22 /    0:02:11 /        0:00:48 / 10800.0
2023-02-09 09:57:05,932 aeolis.model INFO     064.0%       0:01:24 /    0:02:11 /        0:00:47 / 10800.0
2023-02-09 09:57:07,255 aeolis.model INFO     065.0%       0:01:25 /    0:02:11 /        0:00:46 / 10800.0
2023-02-09 09:57:08,538 aeolis.model INFO     066.0%       0:01:26 /    0:02:11 /        0:00:44 / 10800.0
2023-02-09 09:57:09,836 aeolis.model INFO     067.0%       0:01:28 /    0:02:11 /        0:00:43 / 10800.0
2023-02-09 09:57:11,105 aeolis.model INFO     068.0%       0:01:29 /    0:02:11 /        0:00:42 / 10800.0
2023-02-09 09:57:12,405 aeolis.model INFO     069.0%       0:01:30 /    0:02:11 /        0:00:41 / 10800.0
2023-02-09 09:57:13,779 aeolis.model INFO     070.0%       0:01:32 /    0:02:11 /        0:00:39 / 10800.0
2023-02-09 09:57:15,181 aeolis.model INFO     071.0%       0:01:33 /    0:02:11 /        0:00:38 / 10800.0
2023-02-09 09:57:16,610 aeolis.model INFO     072.0%       0:01:34 /    0:02:11 /        0:00:37 / 10800.0
2023-02-09 09:57:17,955 aeolis.model INFO     073.0%       0:01:36 /    0:02:11 /        0:00:35 / 10800.0
2023-02-09 09:57:19,276 aeolis.model INFO     074.0%       0:01:37 /    0:02:11 /        0:00:34 / 10800.0
2023-02-09 09:57:20,648 aeolis.model INFO     075.0%       0:01:38 /    0:02:11 /        0:00:33 / 10800.0
2023-02-09 09:57:21,943 aeolis.model INFO     076.0%       0:01:40 /    0:02:11 /        0:00:31 / 10800.0
2023-02-09 09:57:23,217 aeolis.model INFO     077.0%       0:01:41 /    0:02:11 /        0:00:30 / 10800.0
2023-02-09 09:57:24,521 aeolis.model INFO     078.0%       0:01:42 /    0:02:11 /        0:00:29 / 10800.0
2023-02-09 09:57:25,816 aeolis.model INFO     079.0%       0:01:44 /    0:02:11 /        0:00:28 / 10800.0
2023-02-09 09:57:27,159 aeolis.model INFO     080.0%       0:01:45 /    0:02:11 /        0:00:26 / 10800.0
2023-02-09 09:57:28,520 aeolis.model INFO     081.0%       0:01:46 /    0:02:11 /        0:00:25 / 10800.0
2023-02-09 09:57:29,827 aeolis.model INFO     082.0%       0:01:48 /    0:02:11 /        0:00:24 / 10800.0
2023-02-09 09:57:31,161 aeolis.model INFO     083.0%       0:01:49 /    0:02:11 /        0:00:22 / 10800.0
2023-02-09 09:57:32,433 aeolis.model INFO     084.0%       0:01:50 /    0:02:11 /        0:00:21 / 10800.0
2023-02-09 09:57:33,708 aeolis.model INFO     085.0%       0:01:52 /    0:02:11 /        0:00:20 / 10800.0
2023-02-09 09:57:35,166 aeolis.model INFO     086.0%       0:01:53 /    0:02:11 /        0:00:18 / 10800.0
2023-02-09 09:57:36,443 aeolis.model INFO     087.0%       0:01:54 /    0:02:11 /        0:00:17 / 10800.0
2023-02-09 09:57:37,739 aeolis.model INFO     088.0%       0:01:56 /    0:02:11 /        0:00:16 / 10800.0
2023-02-09 09:57:39,057 aeolis.model INFO     089.0%       0:01:57 /    0:02:11 /        0:00:14 / 10800.0
2023-02-09 09:57:40,317 aeolis.model INFO     090.0%       0:01:58 /    0:02:11 /        0:00:13 / 10800.0
2023-02-09 09:57:41,584 aeolis.model INFO     091.0%       0:01:59 /    0:02:11 /        0:00:12 / 10800.0
2023-02-09 09:57:42,986 aeolis.model INFO     092.0%       0:02:01 /    0:02:11 /        0:00:10 / 10800.0
2023-02-09 09:57:44,252 aeolis.model INFO     093.0%       0:02:02 /    0:02:11 /        0:00:09 / 10800.0
2023-02-09 09:57:45,659 aeolis.model INFO     094.0%       0:02:03 /    0:02:11 /        0:00:08 / 10800.0
2023-02-09 09:57:47,094 aeolis.model INFO     095.0%       0:02:05 /    0:02:11 /        0:00:07 / 10800.0
2023-02-09 09:57:48,377 aeolis.model INFO     096.0%       0:02:06 /    0:02:11 /        0:00:05 / 10800.0
2023-02-09 09:57:49,665 aeolis.model INFO     097.0%       0:02:07 /    0:02:11 /        0:00:04 / 10800.0
2023-02-09 09:57:50,940 aeolis.model INFO     098.0%       0:02:09 /    0:02:11 /        0:00:03 / 10800.0
2023-02-09 09:57:52,210 aeolis.model INFO     099.0%       0:02:10 /    0:02:11 /        0:00:01 / 10800.0
2023-02-09 09:57:53,495 aeolis.model INFO     100.0%       0:02:11 /    0:02:11 /        0:00:00 / 10800.0
2023-02-09 09:57:53,495 aeolis.model INFO     
2023-02-09 09:57:53,495 aeolis.model INFO     **********************************************************
2023-02-09 09:57:53,495 aeolis.model INFO     # time steps         : 29221
2023-02-09 09:57:53,495 aeolis.model INFO     # matrix solves      : 29220
2023-02-09 09:57:53,495 aeolis.model INFO     # supply lim         : 0
2023-02-09 09:57:53,496 aeolis.model INFO     avg. solves per step : 0.999966
2023-02-09 09:57:53,496 aeolis.model INFO     avg. time step       : 10799.63
2023-02-09 09:57:53,496 aeolis.model INFO     **********************************************************
2023-02-09 09:57:53,496 aeolis.model INFO     
