2023-02-09 10:12:31,296 aeolis.model INFO     **********************************************************
2023-02-09 10:12:31,297 aeolis.model INFO                                                               
2023-02-09 10:12:31,297 aeolis.model INFO              d8888                   888      d8b  .d8888b.   
2023-02-09 10:12:31,297 aeolis.model INFO             d88888                   888      Y8P d88P  Y88b  
2023-02-09 10:12:31,297 aeolis.model INFO            d88P888                   888          Y88b.       
2023-02-09 10:12:31,297 aeolis.model INFO           d88P 888  .d88b.   .d88b.  888      888  "Y888b.    
2023-02-09 10:12:31,297 aeolis.model INFO          d88P  888 d8P  Y8b d88""88b 888      888     "Y88b.  
2023-02-09 10:12:31,298 aeolis.model INFO         d88P   888 88888888 888  888 888      888       "888  
2023-02-09 10:12:31,298 aeolis.model INFO        d8888888888 Y8b.     Y88..88P 888      888 Y88b  d88P  
2023-02-09 10:12:31,298 aeolis.model INFO       d88P     888  "Y8888   "Y88P"  88888888 888  "Y8888P"   
2023-02-09 10:12:31,298 aeolis.model INFO                                                               
2023-02-09 10:12:31,298 aeolis.model INFO       Version:  2.0.0.alpha1                                 
2023-02-09 10:12:31,298 aeolis.model INFO       Git hash:                                              
2023-02-09 10:12:31,298 aeolis.model INFO                                                               
2023-02-09 10:12:31,298 aeolis.model INFO     **********************************************************
2023-02-09 10:12:31,299 aeolis.model INFO     PARAMETER SETTINGS                                        
2023-02-09 10:12:31,299 aeolis.model INFO     **********************************************************
2023-02-09 10:12:31,299 aeolis.model INFO       Aa                     = 0.085000
2023-02-09 10:12:31,299 aeolis.model INFO       CFL                    = 1.00
2023-02-09 10:12:31,299 aeolis.model INFO       Cb                     = 1.50
2023-02-09 10:12:31,299 aeolis.model INFO       Cdk                    = 5
2023-02-09 10:12:31,299 aeolis.model INFO       Ck                     = 2.78
2023-02-09 10:12:31,300 aeolis.model INFO       Cl                     = 6.70
2023-02-09 10:12:31,300 aeolis.model INFO       Cl_gw                  = 0.700000
2023-02-09 10:12:31,300 aeolis.model INFO       D_gw                   = 12
2023-02-09 10:12:31,300 aeolis.model INFO       GW_stat                = 1
2023-02-09 10:12:31,300 aeolis.model INFO       K_gw                   = 0.000780
2023-02-09 10:12:31,301 aeolis.model INFO       L                      = 100.00
2023-02-09 10:12:31,301 aeolis.model INFO       T                      = 1.00
2023-02-09 10:12:31,301 aeolis.model INFO       Tbedreset              = 86400.00
2023-02-09 10:12:31,301 aeolis.model INFO       Tdry                   = 7200
2023-02-09 10:12:31,301 aeolis.model INFO       Tsalt                  = 2592000.00
2023-02-09 10:12:31,301 aeolis.model INFO       V_lat                  = 0.000000
2023-02-09 10:12:31,302 aeolis.model INFO       V_ver                  = 0.000000
2023-02-09 10:12:31,302 aeolis.model INFO       accfac                 = 1.00
2023-02-09 10:12:31,302 aeolis.model INFO       alfa                   = 0
2023-02-09 10:12:31,302 aeolis.model INFO       alfad_moist            = -0.035000
2023-02-09 10:12:31,302 aeolis.model INFO       alfaw_moist            = -0.070000
2023-02-09 10:12:31,302 aeolis.model INFO       avg_time               = 86400.00
2023-02-09 10:12:31,302 aeolis.model INFO       beach_slope            = 0.100000
2023-02-09 10:12:31,303 aeolis.model INFO       bed_file               = ../data/grids/z_20110803.grd
2023-02-09 10:12:31,303 aeolis.model INFO       bedcomp_file           = <novalue>
2023-02-09 10:12:31,303 aeolis.model INFO       beta                   = 130.00
2023-02-09 10:12:31,303 aeolis.model INFO       bi                     = 0.050000
2023-02-09 10:12:31,303 aeolis.model INFO       boundary_gw            = no_flow
2023-02-09 10:12:31,303 aeolis.model INFO       boundary_lateral       = circular
2023-02-09 10:12:31,303 aeolis.model INFO       boundary_offshore      = constant
2023-02-09 10:12:31,303 aeolis.model INFO       boundary_onshore       = constant
2023-02-09 10:12:31,303 aeolis.model INFO       buffer_width           = 10
2023-02-09 10:12:31,303 aeolis.model INFO       c_b                    = 0.200000
2023-02-09 10:12:31,304 aeolis.model INFO       callback               = <novalue>
2023-02-09 10:12:31,304 aeolis.model INFO       constant_offshore_flux = 0.000000
2023-02-09 10:12:31,304 aeolis.model INFO       constant_onshore_flux  = 0.000000
2023-02-09 10:12:31,304 aeolis.model INFO       cpair                  = 0.001004
2023-02-09 10:12:31,304 aeolis.model INFO       csalt                  = 0.035000
2023-02-09 10:12:31,304 aeolis.model INFO       dt                     = 3600
2023-02-09 10:12:31,304 aeolis.model INFO       dune_toe_elevation     = 3
2023-02-09 10:12:31,304 aeolis.model INFO       dx                     = 1.00
2023-02-09 10:12:31,304 aeolis.model INFO       dy                     = 1.00
2023-02-09 10:12:31,305 aeolis.model INFO       dzb_interval           = 86400.00
2023-02-09 10:12:31,305 aeolis.model INFO       dzb_opt                = 0.000000
2023-02-09 10:12:31,305 aeolis.model INFO       eps                    = 0.001000
2023-02-09 10:12:31,305 aeolis.model INFO       external_vars          = 
2023-02-09 10:12:31,305 aeolis.model INFO       facDOD                 = 0.500000
2023-02-09 10:12:31,305 aeolis.model INFO       fc                     = 0.110000
2023-02-09 10:12:31,305 aeolis.model INFO       fence_file             = <novalue>
2023-02-09 10:12:31,305 aeolis.model INFO       g                      = 9.81
2023-02-09 10:12:31,305 aeolis.model INFO       gamma                  = 0.500000
2023-02-09 10:12:31,305 aeolis.model INFO       gamma_vegshear         = 16.00
2023-02-09 10:12:31,305 aeolis.model INFO       germinate              = 0.000000
2023-02-09 10:12:31,306 aeolis.model INFO       grain_dist             = 0.950000
2023-02-09 10:12:31,306 aeolis.model INFO                                0.050000
2023-02-09 10:12:31,306 aeolis.model INFO       grain_size             = 0.000300
2023-02-09 10:12:31,306 aeolis.model INFO                                0.032000
2023-02-09 10:12:31,306 aeolis.model INFO       gw_mask                = <novalue>
2023-02-09 10:12:31,306 aeolis.model INFO       h                      = 10.00
2023-02-09 10:12:31,306 aeolis.model INFO       hveg_max               = 1
2023-02-09 10:12:31,306 aeolis.model INFO       in_gw                  = 0
2023-02-09 10:12:31,306 aeolis.model INFO       k                      = 0.010000
2023-02-09 10:12:31,306 aeolis.model INFO       kappa                  = 0.410000
2023-02-09 10:12:31,307 aeolis.model INFO       l                      = 10.00
2023-02-09 10:12:31,307 aeolis.model INFO       lateral                = 0.000000
2023-02-09 10:12:31,307 aeolis.model INFO       lateral_flux           = 0.000000
2023-02-09 10:12:31,307 aeolis.model INFO       layer_thickness        = 0.050000
2023-02-09 10:12:31,307 aeolis.model INFO       max_bedlevel_change    = 0.010000
2023-02-09 10:12:31,307 aeolis.model INFO       max_error              = 0.000001
2023-02-09 10:12:31,307 aeolis.model INFO       max_iter               = 1000
2023-02-09 10:12:31,307 aeolis.model INFO       max_iter_ava           = 1000
2023-02-09 10:12:31,307 aeolis.model INFO       md_moist               = 0.420000
2023-02-09 10:12:31,307 aeolis.model INFO       meteo_file             = <novalue>
2023-02-09 10:12:31,307 aeolis.model INFO       method_grainspeed      = windspeed
2023-02-09 10:12:31,308 aeolis.model INFO       method_moist_process   = infiltration
2023-02-09 10:12:31,308 aeolis.model INFO       method_moist_threshold = belly_johnson
2023-02-09 10:12:31,308 aeolis.model INFO       method_roughness       = constant
2023-02-09 10:12:31,308 aeolis.model INFO       method_transport       = bagnold
2023-02-09 10:12:31,308 aeolis.model INFO       mu_b                   = 30
2023-02-09 10:12:31,308 aeolis.model INFO       mw_moist               = 0.570000
2023-02-09 10:12:31,308 aeolis.model INFO       nd_moist               = 4.50
2023-02-09 10:12:31,308 aeolis.model INFO       ne_file                = <novalue>
2023-02-09 10:12:31,308 aeolis.model INFO       ne_gw                  = 0.300000
2023-02-09 10:12:31,308 aeolis.model INFO       nfractions             = 2
2023-02-09 10:12:31,308 aeolis.model INFO       nlayers                = 3
2023-02-09 10:12:31,308 aeolis.model INFO       nw_moist               = 2.30
2023-02-09 10:12:31,308 aeolis.model INFO       nx                     = 0
2023-02-09 10:12:31,309 aeolis.model INFO       ny                     = 0
2023-02-09 10:12:31,309 aeolis.model INFO       offshore_flux          = 0
2023-02-09 10:12:31,309 aeolis.model INFO       okin_c1_fence          = 0.480000
2023-02-09 10:12:31,309 aeolis.model INFO       okin_c1_veg            = 0.480000
2023-02-09 10:12:31,309 aeolis.model INFO       okin_initialred_fence  = 0.320000
2023-02-09 10:12:31,309 aeolis.model INFO       okin_initialred_veg    = 0.320000
2023-02-09 10:12:31,309 aeolis.model INFO       onshore_flux           = 0.000000
2023-02-09 10:12:31,309 aeolis.model INFO       output_file            = C:\Data\OneDrive - Lund University\DUNEFORCE\Aeolis\Aeolis_shortcourse_proj\aeolis-shortcourse\Sandmotor\models\sandmotor_10year_sorting1_tide1_waves0.nc
2023-02-09 10:12:31,310 aeolis.model INFO       output_times           = 604800
2023-02-09 10:12:31,310 aeolis.model INFO       output_types           = 
2023-02-09 10:12:31,310 aeolis.model INFO       output_vars            = zb
2023-02-09 10:12:31,310 aeolis.model INFO                                zs
2023-02-09 10:12:31,310 aeolis.model INFO                                Ct
2023-02-09 10:12:31,310 aeolis.model INFO                                Cu
2023-02-09 10:12:31,310 aeolis.model INFO                                uth
2023-02-09 10:12:31,310 aeolis.model INFO                                uw
2023-02-09 10:12:31,311 aeolis.model INFO                                uws
2023-02-09 10:12:31,311 aeolis.model INFO                                uwn
2023-02-09 10:12:31,311 aeolis.model INFO                                mass
2023-02-09 10:12:31,311 aeolis.model INFO                                pickup_sum
2023-02-09 10:12:31,311 aeolis.model INFO       porosity               = 0.400000
2023-02-09 10:12:31,311 aeolis.model INFO       process_avalanche      = F
2023-02-09 10:12:31,311 aeolis.model INFO       process_bedupdate      = T
2023-02-09 10:12:31,311 aeolis.model INFO       process_dune_erosion   = F
2023-02-09 10:12:31,311 aeolis.model INFO       process_fences         = F
2023-02-09 10:12:31,311 aeolis.model INFO       process_groundwater    = F
2023-02-09 10:12:31,312 aeolis.model INFO       process_humidity       = F
2023-02-09 10:12:31,312 aeolis.model INFO       process_inertia        = F
2023-02-09 10:12:31,312 aeolis.model INFO       process_meteo          = F
2023-02-09 10:12:31,312 aeolis.model INFO       process_mixtoplayer    = T
2023-02-09 10:12:31,312 aeolis.model INFO       process_moist          = F
2023-02-09 10:12:31,312 aeolis.model INFO       process_runup          = T
2023-02-09 10:12:31,312 aeolis.model INFO       process_salt           = F
2023-02-09 10:12:31,312 aeolis.model INFO       process_scanning       = F
2023-02-09 10:12:31,312 aeolis.model INFO       process_seepage_face   = F
2023-02-09 10:12:31,312 aeolis.model INFO       process_separation     = F
2023-02-09 10:12:31,312 aeolis.model INFO       process_shear          = F
2023-02-09 10:12:31,312 aeolis.model INFO       process_threshold      = T
2023-02-09 10:12:31,313 aeolis.model INFO       process_tide           = T
2023-02-09 10:12:31,313 aeolis.model INFO       process_transport      = T
2023-02-09 10:12:31,313 aeolis.model INFO       process_vegetation     = F
2023-02-09 10:12:31,313 aeolis.model INFO       process_wave           = T
2023-02-09 10:12:31,313 aeolis.model INFO       process_wet_bed_reset  = F
2023-02-09 10:12:31,313 aeolis.model INFO       process_wind           = T
2023-02-09 10:12:31,313 aeolis.model INFO       refdate                = 2011-08-03
2023-02-09 10:12:31,313 aeolis.model INFO       resd_moist             = 0.010000
2023-02-09 10:12:31,313 aeolis.model INFO       restart                = <novalue>
2023-02-09 10:12:31,313 aeolis.model INFO       resw_moist             = 0.010000
2023-02-09 10:12:31,313 aeolis.model INFO       rhoa                   = 1.23
2023-02-09 10:12:31,314 aeolis.model INFO       rhog                   = 2650.00
2023-02-09 10:12:31,314 aeolis.model INFO       rhoveg_max             = 0.500000
2023-02-09 10:12:31,314 aeolis.model INFO       rhow                   = 1025.00
2023-02-09 10:12:31,314 aeolis.model INFO       runup_mask             = <novalue>
2023-02-09 10:12:31,314 aeolis.model INFO       satd_moist             = 0.500000
2023-02-09 10:12:31,314 aeolis.model INFO       satw_moist             = 0.350000
2023-02-09 10:12:31,314 aeolis.model INFO       scheme                 = euler_backward
2023-02-09 10:12:31,314 aeolis.model INFO       sedimentinput          = 0.000000
2023-02-09 10:12:31,314 aeolis.model INFO       sep_filter_iterations  = 0
2023-02-09 10:12:31,314 aeolis.model INFO       sigma                  = 4.20
2023-02-09 10:12:31,314 aeolis.model INFO       solver                 = pieter
2023-02-09 10:12:31,315 aeolis.model INFO       t_veg                  = 3
2023-02-09 10:12:31,315 aeolis.model INFO       tfac_gw                = 10
2023-02-09 10:12:31,315 aeolis.model INFO       th_bedslope            = F
2023-02-09 10:12:31,315 aeolis.model INFO       th_drylayer            = F
2023-02-09 10:12:31,315 aeolis.model INFO       th_grainsize           = T
2023-02-09 10:12:31,315 aeolis.model INFO       th_humidity            = F
2023-02-09 10:12:31,315 aeolis.model INFO       th_moisture            = F
2023-02-09 10:12:31,315 aeolis.model INFO       th_nelayer             = F
2023-02-09 10:12:31,315 aeolis.model INFO       th_roughness           = F
2023-02-09 10:12:31,315 aeolis.model INFO       th_salt                = F
2023-02-09 10:12:31,315 aeolis.model INFO       th_sheltering          = F
2023-02-09 10:12:31,316 aeolis.model INFO       theta_dyn              = 33.00
2023-02-09 10:12:31,316 aeolis.model INFO       theta_stat             = 34.00
2023-02-09 10:12:31,316 aeolis.model INFO       thick_moist            = 0.002000
2023-02-09 10:12:31,316 aeolis.model INFO       threshold_file         = <novalue>
2023-02-09 10:12:31,316 aeolis.model INFO       threshold_mask         = ../data/grids/threshold.grd
2023-02-09 10:12:31,316 aeolis.model INFO       tide_file              = ../data/bc/tide_constant.txt
2023-02-09 10:12:31,316 aeolis.model INFO       tide_mask              = <novalue>
2023-02-09 10:12:31,317 aeolis.model INFO       tstart                 = 0
2023-02-09 10:12:31,317 aeolis.model INFO       tstop                  = 315576000
2023-02-09 10:12:31,317 aeolis.model INFO       v                      = 0.000015
2023-02-09 10:12:31,317 aeolis.model INFO       v_gam                  = 1
2023-02-09 10:12:31,317 aeolis.model INFO       veg_file               = <novalue>
2023-02-09 10:12:31,317 aeolis.model INFO       veg_gamma              = 1.00
2023-02-09 10:12:31,318 aeolis.model INFO       veg_min_elevation      = 3
2023-02-09 10:12:31,318 aeolis.model INFO       veg_sigma              = 0.800000
2023-02-09 10:12:31,318 aeolis.model INFO       veggrowth_type         = orig
2023-02-09 10:12:31,318 aeolis.model INFO       vegshear_type          = raupach
2023-02-09 10:12:31,318 aeolis.model INFO       visualization          = F
2023-02-09 10:12:31,318 aeolis.model INFO       w1_5                   = 0.020000
2023-02-09 10:12:31,319 aeolis.model INFO       wave_file              = ../data/bc/waves_none.txt
2023-02-09 10:12:31,319 aeolis.model INFO       wave_mask              = <novalue>
2023-02-09 10:12:31,319 aeolis.model INFO       wind_convention        = cartesian
2023-02-09 10:12:31,319 aeolis.model INFO       wind_file              = ../data/bc/wind_constant.txt
2023-02-09 10:12:31,319 aeolis.model INFO       xgrid_file             = ../data/grids/x.grd
2023-02-09 10:12:31,319 aeolis.model INFO       xi                     = 0.300000
2023-02-09 10:12:31,320 aeolis.model INFO       ygrid_file             = ../data/grids/y.grd
2023-02-09 10:12:31,320 aeolis.model INFO       z                      = 10.00
2023-02-09 10:12:31,320 aeolis.model INFO       zsep_y_filter          = F
2023-02-09 10:12:31,320 aeolis.model INFO     **********************************************************
2023-02-09 10:12:31,320 aeolis.model INFO     
2023-02-09 10:12:31,382 aeolis.model INFO             Time elapsed / Total time / Time remaining / Average Timestep
2023-02-09 10:12:31,382 aeolis.model INFO     000.0%       0:00:00 /    0:42:20 /        0:42:20 / 3600.0
2023-02-09 10:12:37,025 aeolis.model INFO     001.0%       0:00:06 /    0:09:27 /        0:09:21 / 3600.0
2023-02-09 10:12:42,567 aeolis.model INFO     002.0%       0:00:11 /    0:09:20 /        0:09:09 / 3600.0
2023-02-09 10:12:48,104 aeolis.model INFO     003.0%       0:00:17 /    0:09:18 /        0:09:02 / 3600.0
2023-02-09 10:12:53,683 aeolis.model INFO     004.0%       0:00:22 /    0:09:18 /        0:08:56 / 3600.0
2023-02-09 10:12:59,297 aeolis.model INFO     005.0%       0:00:28 /    0:09:19 /        0:08:51 / 3600.0
2023-02-09 10:13:04,876 aeolis.model INFO     006.0%       0:00:34 /    0:09:19 /        0:08:45 / 3600.0
2023-02-09 10:13:10,485 aeolis.model INFO     007.0%       0:00:39 /    0:09:19 /        0:08:40 / 3600.0
2023-02-09 10:13:16,121 aeolis.model INFO     008.0%       0:00:45 /    0:09:20 /        0:08:35 / 3600.0
2023-02-09 10:13:21,631 aeolis.model INFO     009.0%       0:00:50 /    0:09:19 /        0:08:28 / 3600.0
2023-02-09 10:13:27,589 aeolis.model INFO     010.0%       0:00:56 /    0:09:22 /        0:08:26 / 3600.0
2023-02-09 10:13:33,628 aeolis.model INFO     011.0%       0:01:02 /    0:09:26 /        0:08:24 / 3600.0
2023-02-09 10:13:39,500 aeolis.model INFO     012.0%       0:01:08 /    0:09:28 /        0:08:20 / 3600.0
2023-02-09 10:13:45,316 aeolis.model INFO     013.0%       0:01:14 /    0:09:29 /        0:08:15 / 3600.0
2023-02-09 10:13:51,316 aeolis.model INFO     014.0%       0:01:20 /    0:09:31 /        0:08:11 / 3600.0
2023-02-09 10:13:57,105 aeolis.model INFO     015.0%       0:01:26 /    0:09:32 /        0:08:06 / 3600.0
2023-02-09 10:14:02,897 aeolis.model INFO     016.0%       0:01:32 /    0:09:32 /        0:08:01 / 3600.0
2023-02-09 10:14:08,726 aeolis.model INFO     017.0%       0:01:37 /    0:09:33 /        0:07:55 / 3600.0
2023-02-09 10:14:14,612 aeolis.model INFO     018.0%       0:01:43 /    0:09:34 /        0:07:50 / 3600.0
2023-02-09 10:14:20,462 aeolis.model INFO     019.0%       0:01:49 /    0:09:34 /        0:07:45 / 3600.0
2023-02-09 10:14:26,340 aeolis.model INFO     020.0%       0:01:55 /    0:09:35 /        0:07:40 / 3600.0
2023-02-09 10:14:32,174 aeolis.model INFO     021.0%       0:02:01 /    0:09:35 /        0:07:35 / 3600.0
2023-02-09 10:14:38,045 aeolis.model INFO     022.0%       0:02:07 /    0:09:36 /        0:07:29 / 3600.0
2023-02-09 10:14:43,862 aeolis.model INFO     023.0%       0:02:13 /    0:09:36 /        0:07:24 / 3600.0
2023-02-09 10:14:49,690 aeolis.model INFO     024.0%       0:02:18 /    0:09:36 /        0:07:18 / 3600.0
2023-02-09 10:14:55,538 aeolis.model INFO     025.0%       0:02:24 /    0:09:37 /        0:07:13 / 3600.0
2023-02-09 10:15:02,220 aeolis.model INFO     026.0%       0:02:31 /    0:09:40 /        0:07:09 / 3600.0
2023-02-09 10:15:09,772 aeolis.model INFO     027.0%       0:02:38 /    0:09:47 /        0:07:08 / 3600.0
2023-02-09 10:15:15,424 aeolis.model INFO     028.0%       0:02:44 /    0:09:46 /        0:07:02 / 3600.0
2023-02-09 10:15:21,688 aeolis.model INFO     029.0%       0:02:50 /    0:09:47 /        0:06:57 / 3600.0
2023-02-09 10:15:27,843 aeolis.model INFO     030.0%       0:02:56 /    0:09:48 /        0:06:52 / 3600.0
2023-02-09 10:15:33,823 aeolis.model INFO     031.0%       0:03:02 /    0:09:49 /        0:06:46 / 3600.0
2023-02-09 10:15:39,791 aeolis.model INFO     032.0%       0:03:08 /    0:09:49 /        0:06:40 / 3600.0
2023-02-09 10:15:45,728 aeolis.model INFO     033.0%       0:03:14 /    0:09:49 /        0:06:35 / 3600.0
2023-02-09 10:15:51,431 aeolis.model INFO     034.0%       0:03:20 /    0:09:48 /        0:06:28 / 3600.0
2023-02-09 10:15:57,110 aeolis.model INFO     035.0%       0:03:26 /    0:09:48 /        0:06:22 / 3600.0
2023-02-09 10:16:02,854 aeolis.model INFO     036.0%       0:03:32 /    0:09:47 /        0:06:16 / 3600.0
2023-02-09 10:16:08,708 aeolis.model INFO     037.0%       0:03:37 /    0:09:47 /        0:06:10 / 3600.0
2023-02-09 10:16:14,666 aeolis.model INFO     038.0%       0:03:43 /    0:09:48 /        0:06:04 / 3600.0
2023-02-09 10:16:20,508 aeolis.model INFO     039.0%       0:03:49 /    0:09:48 /        0:05:58 / 3600.0
2023-02-09 10:16:26,380 aeolis.model INFO     040.0%       0:03:55 /    0:09:48 /        0:05:53 / 3600.0
2023-02-09 10:16:32,107 aeolis.model INFO     041.0%       0:04:01 /    0:09:47 /        0:05:46 / 3600.0
2023-02-09 10:16:37,886 aeolis.model INFO     042.0%       0:04:07 /    0:09:47 /        0:05:40 / 3600.0
2023-02-09 10:16:43,722 aeolis.model INFO     043.0%       0:04:12 /    0:09:47 /        0:05:35 / 3600.0
2023-02-09 10:16:49,581 aeolis.model INFO     044.0%       0:04:18 /    0:09:47 /        0:05:29 / 3600.0
2023-02-09 10:16:55,436 aeolis.model INFO     045.0%       0:04:24 /    0:09:47 /        0:05:23 / 3600.0
2023-02-09 10:17:01,566 aeolis.model INFO     046.0%       0:04:30 /    0:09:47 /        0:05:17 / 3600.0
2023-02-09 10:17:07,613 aeolis.model INFO     047.0%       0:04:36 /    0:09:48 /        0:05:12 / 3600.0
2023-02-09 10:17:13,403 aeolis.model INFO     048.0%       0:04:42 /    0:09:48 /        0:05:06 / 3600.0
2023-02-09 10:17:19,367 aeolis.model INFO     049.0%       0:04:48 /    0:09:48 /        0:05:00 / 3600.0
2023-02-09 10:17:25,234 aeolis.model INFO     050.0%       0:04:54 /    0:09:48 /        0:04:54 / 3600.0
2023-02-09 10:17:31,211 aeolis.model INFO     051.0%       0:05:00 /    0:09:48 /        0:04:48 / 3600.0
2023-02-09 10:17:37,081 aeolis.model INFO     052.0%       0:05:06 /    0:09:48 /        0:04:42 / 3600.0
2023-02-09 10:17:43,212 aeolis.model INFO     053.0%       0:05:12 /    0:09:48 /        0:04:37 / 3600.0
2023-02-09 10:17:49,130 aeolis.model INFO     054.0%       0:05:18 /    0:09:48 /        0:04:31 / 3600.0
2023-02-09 10:17:54,977 aeolis.model INFO     055.0%       0:05:24 /    0:09:48 /        0:04:25 / 3600.0
2023-02-09 10:18:01,020 aeolis.model INFO     056.0%       0:05:30 /    0:09:49 /        0:04:19 / 3600.0
2023-02-09 10:18:06,949 aeolis.model INFO     057.0%       0:05:36 /    0:09:49 /        0:04:13 / 3600.0
2023-02-09 10:18:12,815 aeolis.model INFO     058.0%       0:05:41 /    0:09:49 /        0:04:07 / 3600.0
2023-02-09 10:18:18,718 aeolis.model INFO     059.0%       0:05:47 /    0:09:49 /        0:04:01 / 3600.0
2023-02-09 10:18:24,554 aeolis.model INFO     060.0%       0:05:53 /    0:09:49 /        0:03:55 / 3600.0
2023-02-09 10:18:30,217 aeolis.model INFO     061.0%       0:05:59 /    0:09:48 /        0:03:49 / 3600.0
2023-02-09 10:18:36,060 aeolis.model INFO     062.0%       0:06:05 /    0:09:48 /        0:03:44 / 3600.0
2023-02-09 10:18:41,895 aeolis.model INFO     063.0%       0:06:11 /    0:09:48 /        0:03:38 / 3600.0
2023-02-09 10:18:47,786 aeolis.model INFO     064.0%       0:06:16 /    0:09:48 /        0:03:32 / 3600.0
2023-02-09 10:18:54,574 aeolis.model INFO     065.0%       0:06:23 /    0:09:50 /        0:03:26 / 3600.0
2023-02-09 10:19:00,527 aeolis.model INFO     066.0%       0:06:29 /    0:09:50 /        0:03:20 / 3600.0
2023-02-09 10:19:06,751 aeolis.model INFO     067.0%       0:06:35 /    0:09:50 /        0:03:15 / 3600.0
2023-02-09 10:19:13,228 aeolis.model INFO     068.0%       0:06:42 /    0:09:51 /        0:03:09 / 3600.0
2023-02-09 10:19:19,664 aeolis.model INFO     069.0%       0:06:48 /    0:09:52 /        0:03:03 / 3600.0
2023-02-09 10:19:26,217 aeolis.model INFO     070.0%       0:06:55 /    0:09:53 /        0:02:58 / 3600.0
2023-02-09 10:19:32,493 aeolis.model INFO     071.0%       0:07:01 /    0:09:53 /        0:02:52 / 3600.0
2023-02-09 10:19:38,745 aeolis.model INFO     072.0%       0:07:07 /    0:09:54 /        0:02:46 / 3600.0
2023-02-09 10:19:45,058 aeolis.model INFO     073.0%       0:07:14 /    0:09:54 /        0:02:40 / 3600.0
2023-02-09 10:19:51,381 aeolis.model INFO     074.0%       0:07:20 /    0:09:55 /        0:02:35 / 3600.0
2023-02-09 10:19:57,823 aeolis.model INFO     075.0%       0:07:26 /    0:09:55 /        0:02:29 / 3600.0
2023-02-09 10:20:04,165 aeolis.model INFO     076.0%       0:07:33 /    0:09:56 /        0:02:23 / 3600.0
2023-02-09 10:20:10,669 aeolis.model INFO     077.0%       0:07:39 /    0:09:57 /        0:02:17 / 3600.0
2023-02-09 10:20:17,274 aeolis.model INFO     078.0%       0:07:46 /    0:09:57 /        0:02:11 / 3600.0
2023-02-09 10:20:23,761 aeolis.model INFO     079.0%       0:07:52 /    0:09:58 /        0:02:06 / 3600.0
2023-02-09 10:20:30,433 aeolis.model INFO     080.0%       0:07:59 /    0:09:59 /        0:02:00 / 3600.0
2023-02-09 10:20:37,019 aeolis.model INFO     081.0%       0:08:06 /    0:10:00 /        0:01:54 / 3600.0
2023-02-09 10:20:43,713 aeolis.model INFO     082.0%       0:08:12 /    0:10:00 /        0:01:48 / 3600.0
2023-02-09 10:20:50,652 aeolis.model INFO     083.0%       0:08:19 /    0:10:02 /        0:01:42 / 3600.0
2023-02-09 10:20:57,234 aeolis.model INFO     084.0%       0:08:26 /    0:10:02 /        0:01:36 / 3600.0
2023-02-09 10:21:04,443 aeolis.model INFO     085.0%       0:08:33 /    0:10:04 /        0:01:31 / 3600.0
2023-02-09 10:21:11,622 aeolis.model INFO     086.0%       0:08:40 /    0:10:05 /        0:01:25 / 3600.0
2023-02-09 10:21:18,832 aeolis.model INFO     087.0%       0:08:47 /    0:10:06 /        0:01:19 / 3600.0
2023-02-09 10:21:26,108 aeolis.model INFO     088.0%       0:08:55 /    0:10:08 /        0:01:13 / 3600.0
2023-02-09 10:21:33,607 aeolis.model INFO     089.0%       0:09:02 /    0:10:09 /        0:01:07 / 3600.0
2023-02-09 10:21:40,948 aeolis.model INFO     090.0%       0:09:10 /    0:10:11 /        0:01:01 / 3600.0
2023-02-09 10:21:48,188 aeolis.model INFO     091.0%       0:09:17 /    0:10:12 /        0:00:55 / 3600.0
2023-02-09 10:21:55,794 aeolis.model INFO     092.0%       0:09:24 /    0:10:14 /        0:00:49 / 3600.0
2023-02-09 10:22:03,920 aeolis.model INFO     093.0%       0:09:33 /    0:10:16 /        0:00:43 / 3600.0
2023-02-09 10:22:11,336 aeolis.model INFO     094.0%       0:09:40 /    0:10:17 /        0:00:37 / 3600.0
2023-02-09 10:22:18,789 aeolis.model INFO     095.0%       0:09:47 /    0:10:18 /        0:00:31 / 3600.0
2023-02-09 10:22:26,669 aeolis.model INFO     096.0%       0:09:55 /    0:10:20 /        0:00:25 / 3600.0
2023-02-09 10:22:34,768 aeolis.model INFO     097.0%       0:10:03 /    0:10:22 /        0:00:19 / 3600.0
2023-02-09 10:22:42,347 aeolis.model INFO     098.0%       0:10:11 /    0:10:23 /        0:00:12 / 3600.0
2023-02-09 10:22:49,880 aeolis.model INFO     099.0%       0:10:19 /    0:10:25 /        0:00:06 / 3600.0
2023-02-09 10:22:57,604 aeolis.model INFO     100.0%       0:10:26 /    0:10:26 /        0:00:00 / 3600.0
2023-02-09 10:22:57,604 aeolis.model INFO     
2023-02-09 10:22:57,605 aeolis.model INFO     **********************************************************
2023-02-09 10:22:57,605 aeolis.model INFO     # time steps         : 87661
2023-02-09 10:22:57,605 aeolis.model INFO     # matrix solves      : 175320
2023-02-09 10:22:57,605 aeolis.model INFO     # supply lim         : 0
2023-02-09 10:22:57,605 aeolis.model INFO     avg. solves per step : 2.00
2023-02-09 10:22:57,605 aeolis.model INFO     avg. time step       : 3599.96
2023-02-09 10:22:57,606 aeolis.model INFO     **********************************************************
2023-02-09 10:22:57,606 aeolis.model INFO     
