2023-02-09 10:13:23,982 aeolis.model INFO     **********************************************************
2023-02-09 10:13:23,983 aeolis.model INFO                                                               
2023-02-09 10:13:23,983 aeolis.model INFO              d8888                   888      d8b  .d8888b.   
2023-02-09 10:13:23,983 aeolis.model INFO             d88888                   888      Y8P d88P  Y88b  
2023-02-09 10:13:23,983 aeolis.model INFO            d88P888                   888          Y88b.       
2023-02-09 10:13:23,983 aeolis.model INFO           d88P 888  .d88b.   .d88b.  888      888  "Y888b.    
2023-02-09 10:13:23,988 aeolis.model INFO          d88P  888 d8P  Y8b d88""88b 888      888     "Y88b.  
2023-02-09 10:13:23,988 aeolis.model INFO         d88P   888 88888888 888  888 888      888       "888  
2023-02-09 10:13:23,988 aeolis.model INFO        d8888888888 Y8b.     Y88..88P 888      888 Y88b  d88P  
2023-02-09 10:13:23,988 aeolis.model INFO       d88P     888  "Y8888   "Y88P"  88888888 888  "Y8888P"   
2023-02-09 10:13:23,988 aeolis.model INFO                                                               
2023-02-09 10:13:23,989 aeolis.model INFO       Version:  2.0.0.alpha1                                 
2023-02-09 10:13:23,989 aeolis.model INFO       Git hash:                                              
2023-02-09 10:13:23,989 aeolis.model INFO                                                               
2023-02-09 10:13:23,989 aeolis.model INFO     **********************************************************
2023-02-09 10:13:23,989 aeolis.model INFO     PARAMETER SETTINGS                                        
2023-02-09 10:13:23,989 aeolis.model INFO     **********************************************************
2023-02-09 10:13:23,990 aeolis.model INFO       Aa                     = 0.085000
2023-02-09 10:13:23,990 aeolis.model INFO       CFL                    = 1.00
2023-02-09 10:13:23,990 aeolis.model INFO       Cb                     = 1.50
2023-02-09 10:13:23,990 aeolis.model INFO       Cdk                    = 5
2023-02-09 10:13:23,990 aeolis.model INFO       Ck                     = 2.78
2023-02-09 10:13:23,990 aeolis.model INFO       Cl                     = 6.70
2023-02-09 10:13:23,990 aeolis.model INFO       Cl_gw                  = 0.700000
2023-02-09 10:13:23,990 aeolis.model INFO       D_gw                   = 12
2023-02-09 10:13:23,990 aeolis.model INFO       GW_stat                = 1
2023-02-09 10:13:23,991 aeolis.model INFO       K_gw                   = 0.000780
2023-02-09 10:13:23,991 aeolis.model INFO       L                      = 100.00
2023-02-09 10:13:23,991 aeolis.model INFO       T                      = 1.00
2023-02-09 10:13:23,991 aeolis.model INFO       Tbedreset              = 86400.00
2023-02-09 10:13:23,991 aeolis.model INFO       Tdry                   = 7200
2023-02-09 10:13:23,991 aeolis.model INFO       Tsalt                  = 2592000.00
2023-02-09 10:13:23,991 aeolis.model INFO       V_lat                  = 0.000000
2023-02-09 10:13:23,991 aeolis.model INFO       V_ver                  = 0.000000
2023-02-09 10:13:23,991 aeolis.model INFO       accfac                 = 1.00
2023-02-09 10:13:23,992 aeolis.model INFO       alfa                   = 0
2023-02-09 10:13:23,992 aeolis.model INFO       alfad_moist            = -0.035000
2023-02-09 10:13:23,992 aeolis.model INFO       alfaw_moist            = -0.070000
2023-02-09 10:13:23,992 aeolis.model INFO       avg_time               = 86400.00
2023-02-09 10:13:23,992 aeolis.model INFO       beach_slope            = 0.100000
2023-02-09 10:13:23,992 aeolis.model INFO       bed_file               = ../data/grids/z_20110803.grd
2023-02-09 10:13:23,992 aeolis.model INFO       bedcomp_file           = <novalue>
2023-02-09 10:13:23,992 aeolis.model INFO       beta                   = 130.00
2023-02-09 10:13:23,992 aeolis.model INFO       bi                     = 0.050000
2023-02-09 10:13:23,992 aeolis.model INFO       boundary_gw            = no_flow
2023-02-09 10:13:23,993 aeolis.model INFO       boundary_lateral       = circular
2023-02-09 10:13:23,993 aeolis.model INFO       boundary_offshore      = constant
2023-02-09 10:13:23,993 aeolis.model INFO       boundary_onshore       = constant
2023-02-09 10:13:23,993 aeolis.model INFO       buffer_width           = 10
2023-02-09 10:13:23,993 aeolis.model INFO       c_b                    = 0.200000
2023-02-09 10:13:23,993 aeolis.model INFO       callback               = <novalue>
2023-02-09 10:13:23,993 aeolis.model INFO       constant_offshore_flux = 0.000000
2023-02-09 10:13:23,993 aeolis.model INFO       constant_onshore_flux  = 0.000000
2023-02-09 10:13:23,993 aeolis.model INFO       cpair                  = 0.001004
2023-02-09 10:13:23,993 aeolis.model INFO       csalt                  = 0.035000
2023-02-09 10:13:23,993 aeolis.model INFO       dt                     = 3600
2023-02-09 10:13:23,993 aeolis.model INFO       dune_toe_elevation     = 3
2023-02-09 10:13:23,993 aeolis.model INFO       dx                     = 1.00
2023-02-09 10:13:23,993 aeolis.model INFO       dy                     = 1.00
2023-02-09 10:13:23,993 aeolis.model INFO       dzb_interval           = 86400.00
2023-02-09 10:13:23,993 aeolis.model INFO       dzb_opt                = 0.000000
2023-02-09 10:13:23,993 aeolis.model INFO       eps                    = 0.001000
2023-02-09 10:13:23,993 aeolis.model INFO       external_vars          = 
2023-02-09 10:13:23,993 aeolis.model INFO       facDOD                 = 0.500000
2023-02-09 10:13:23,994 aeolis.model INFO       fc                     = 0.110000
2023-02-09 10:13:23,994 aeolis.model INFO       fence_file             = <novalue>
2023-02-09 10:13:23,994 aeolis.model INFO       g                      = 9.81
2023-02-09 10:13:23,994 aeolis.model INFO       gamma                  = 0.500000
2023-02-09 10:13:23,994 aeolis.model INFO       gamma_vegshear         = 16.00
2023-02-09 10:13:23,994 aeolis.model INFO       germinate              = 0.000000
2023-02-09 10:13:23,994 aeolis.model INFO       grain_dist             = 0.950000
2023-02-09 10:13:23,994 aeolis.model INFO                                0.050000
2023-02-09 10:13:23,994 aeolis.model INFO       grain_size             = 0.000300
2023-02-09 10:13:23,995 aeolis.model INFO                                0.032000
2023-02-09 10:13:23,995 aeolis.model INFO       gw_mask                = <novalue>
2023-02-09 10:13:23,995 aeolis.model INFO       h                      = 10.00
2023-02-09 10:13:23,995 aeolis.model INFO       hveg_max               = 1
2023-02-09 10:13:23,995 aeolis.model INFO       in_gw                  = 0
2023-02-09 10:13:23,995 aeolis.model INFO       k                      = 0.010000
2023-02-09 10:13:23,995 aeolis.model INFO       kappa                  = 0.410000
2023-02-09 10:13:23,995 aeolis.model INFO       l                      = 10.00
2023-02-09 10:13:23,995 aeolis.model INFO       lateral                = 0.000000
2023-02-09 10:13:23,996 aeolis.model INFO       lateral_flux           = 0.000000
2023-02-09 10:13:23,996 aeolis.model INFO       layer_thickness        = 0.050000
2023-02-09 10:13:23,996 aeolis.model INFO       max_bedlevel_change    = 0.010000
2023-02-09 10:13:23,996 aeolis.model INFO       max_error              = 0.000001
2023-02-09 10:13:23,996 aeolis.model INFO       max_iter               = 1000
2023-02-09 10:13:23,996 aeolis.model INFO       max_iter_ava           = 1000
2023-02-09 10:13:23,996 aeolis.model INFO       md_moist               = 0.420000
2023-02-09 10:13:23,996 aeolis.model INFO       meteo_file             = <novalue>
2023-02-09 10:13:23,996 aeolis.model INFO       method_grainspeed      = windspeed
2023-02-09 10:13:23,996 aeolis.model INFO       method_moist_process   = infiltration
2023-02-09 10:13:23,996 aeolis.model INFO       method_moist_threshold = belly_johnson
2023-02-09 10:13:23,997 aeolis.model INFO       method_roughness       = constant
2023-02-09 10:13:23,997 aeolis.model INFO       method_transport       = bagnold
2023-02-09 10:13:23,997 aeolis.model INFO       mu_b                   = 30
2023-02-09 10:13:23,997 aeolis.model INFO       mw_moist               = 0.570000
2023-02-09 10:13:23,997 aeolis.model INFO       nd_moist               = 4.50
2023-02-09 10:13:23,997 aeolis.model INFO       ne_file                = <novalue>
2023-02-09 10:13:23,997 aeolis.model INFO       ne_gw                  = 0.300000
2023-02-09 10:13:23,997 aeolis.model INFO       nfractions             = 2
2023-02-09 10:13:23,997 aeolis.model INFO       nlayers                = 3
2023-02-09 10:13:23,997 aeolis.model INFO       nw_moist               = 2.30
2023-02-09 10:13:23,997 aeolis.model INFO       nx                     = 0
2023-02-09 10:13:23,998 aeolis.model INFO       ny                     = 0
2023-02-09 10:13:23,998 aeolis.model INFO       offshore_flux          = 0
2023-02-09 10:13:23,998 aeolis.model INFO       okin_c1_fence          = 0.480000
2023-02-09 10:13:23,998 aeolis.model INFO       okin_c1_veg            = 0.480000
2023-02-09 10:13:23,998 aeolis.model INFO       okin_initialred_fence  = 0.320000
2023-02-09 10:13:23,998 aeolis.model INFO       okin_initialred_veg    = 0.320000
2023-02-09 10:13:23,998 aeolis.model INFO       onshore_flux           = 0.000000
2023-02-09 10:13:23,998 aeolis.model INFO       output_file            = C:\Data\OneDrive - Lund University\DUNEFORCE\Aeolis\Aeolis_shortcourse_proj\aeolis-shortcourse\Sandmotor\models\sandmotor_10year_sorting1_tide1_waves1.nc
2023-02-09 10:13:23,999 aeolis.model INFO       output_times           = 604800
2023-02-09 10:13:23,999 aeolis.model INFO       output_types           = 
2023-02-09 10:13:23,999 aeolis.model INFO       output_vars            = zb
2023-02-09 10:13:23,999 aeolis.model INFO                                zs
2023-02-09 10:13:23,999 aeolis.model INFO                                Ct
2023-02-09 10:13:23,999 aeolis.model INFO                                Cu
2023-02-09 10:13:23,999 aeolis.model INFO                                uth
2023-02-09 10:13:23,999 aeolis.model INFO                                uw
2023-02-09 10:13:24,000 aeolis.model INFO                                uws
2023-02-09 10:13:24,000 aeolis.model INFO                                uwn
2023-02-09 10:13:24,000 aeolis.model INFO                                mass
2023-02-09 10:13:24,000 aeolis.model INFO                                pickup_sum
2023-02-09 10:13:24,000 aeolis.model INFO       porosity               = 0.400000
2023-02-09 10:13:24,000 aeolis.model INFO       process_avalanche      = F
2023-02-09 10:13:24,000 aeolis.model INFO       process_bedupdate      = T
2023-02-09 10:13:24,000 aeolis.model INFO       process_dune_erosion   = F
2023-02-09 10:13:24,001 aeolis.model INFO       process_fences         = F
2023-02-09 10:13:24,001 aeolis.model INFO       process_groundwater    = F
2023-02-09 10:13:24,001 aeolis.model INFO       process_humidity       = F
2023-02-09 10:13:24,001 aeolis.model INFO       process_inertia        = F
2023-02-09 10:13:24,001 aeolis.model INFO       process_meteo          = F
2023-02-09 10:13:24,001 aeolis.model INFO       process_mixtoplayer    = T
2023-02-09 10:13:24,001 aeolis.model INFO       process_moist          = F
2023-02-09 10:13:24,001 aeolis.model INFO       process_runup          = T
2023-02-09 10:13:24,001 aeolis.model INFO       process_salt           = F
2023-02-09 10:13:24,001 aeolis.model INFO       process_scanning       = F
2023-02-09 10:13:24,002 aeolis.model INFO       process_seepage_face   = F
2023-02-09 10:13:24,002 aeolis.model INFO       process_separation     = F
2023-02-09 10:13:24,002 aeolis.model INFO       process_shear          = F
2023-02-09 10:13:24,002 aeolis.model INFO       process_threshold      = T
2023-02-09 10:13:24,002 aeolis.model INFO       process_tide           = T
2023-02-09 10:13:24,002 aeolis.model INFO       process_transport      = T
2023-02-09 10:13:24,002 aeolis.model INFO       process_vegetation     = F
2023-02-09 10:13:24,002 aeolis.model INFO       process_wave           = T
2023-02-09 10:13:24,002 aeolis.model INFO       process_wet_bed_reset  = F
2023-02-09 10:13:24,003 aeolis.model INFO       process_wind           = T
2023-02-09 10:13:24,003 aeolis.model INFO       refdate                = 2011-08-03
2023-02-09 10:13:24,003 aeolis.model INFO       resd_moist             = 0.010000
2023-02-09 10:13:24,003 aeolis.model INFO       restart                = <novalue>
2023-02-09 10:13:24,003 aeolis.model INFO       resw_moist             = 0.010000
2023-02-09 10:13:24,004 aeolis.model INFO       rhoa                   = 1.23
2023-02-09 10:13:24,004 aeolis.model INFO       rhog                   = 2650.00
2023-02-09 10:13:24,004 aeolis.model INFO       rhoveg_max             = 0.500000
2023-02-09 10:13:24,004 aeolis.model INFO       rhow                   = 1025.00
2023-02-09 10:13:24,004 aeolis.model INFO       runup_mask             = <novalue>
2023-02-09 10:13:24,004 aeolis.model INFO       satd_moist             = 0.500000
2023-02-09 10:13:24,004 aeolis.model INFO       satw_moist             = 0.350000
2023-02-09 10:13:24,004 aeolis.model INFO       scheme                 = euler_backward
2023-02-09 10:13:24,005 aeolis.model INFO       sedimentinput          = 0.000000
2023-02-09 10:13:24,005 aeolis.model INFO       sep_filter_iterations  = 0
2023-02-09 10:13:24,005 aeolis.model INFO       sigma                  = 4.20
2023-02-09 10:13:24,005 aeolis.model INFO       solver                 = pieter
2023-02-09 10:13:24,005 aeolis.model INFO       t_veg                  = 3
2023-02-09 10:13:24,005 aeolis.model INFO       tfac_gw                = 10
2023-02-09 10:13:24,005 aeolis.model INFO       th_bedslope            = F
2023-02-09 10:13:24,005 aeolis.model INFO       th_drylayer            = F
2023-02-09 10:13:24,005 aeolis.model INFO       th_grainsize           = T
2023-02-09 10:13:24,005 aeolis.model INFO       th_humidity            = F
2023-02-09 10:13:24,006 aeolis.model INFO       th_moisture            = F
2023-02-09 10:13:24,006 aeolis.model INFO       th_nelayer             = F
2023-02-09 10:13:24,006 aeolis.model INFO       th_roughness           = F
2023-02-09 10:13:24,006 aeolis.model INFO       th_salt                = F
2023-02-09 10:13:24,006 aeolis.model INFO       th_sheltering          = F
2023-02-09 10:13:24,006 aeolis.model INFO       theta_dyn              = 33.00
2023-02-09 10:13:24,006 aeolis.model INFO       theta_stat             = 34.00
2023-02-09 10:13:24,006 aeolis.model INFO       thick_moist            = 0.002000
2023-02-09 10:13:24,006 aeolis.model INFO       threshold_file         = <novalue>
2023-02-09 10:13:24,006 aeolis.model INFO       threshold_mask         = ../data/grids/threshold.grd
2023-02-09 10:13:24,007 aeolis.model INFO       tide_file              = ../data/bc/tide_constant.txt
2023-02-09 10:13:24,007 aeolis.model INFO       tide_mask              = <novalue>
2023-02-09 10:13:24,007 aeolis.model INFO       tstart                 = 0
2023-02-09 10:13:24,007 aeolis.model INFO       tstop                  = 315576000
2023-02-09 10:13:24,007 aeolis.model INFO       v                      = 0.000015
2023-02-09 10:13:24,007 aeolis.model INFO       v_gam                  = 1
2023-02-09 10:13:24,007 aeolis.model INFO       veg_file               = <novalue>
2023-02-09 10:13:24,007 aeolis.model INFO       veg_gamma              = 1.00
2023-02-09 10:13:24,007 aeolis.model INFO       veg_min_elevation      = 3
2023-02-09 10:13:24,008 aeolis.model INFO       veg_sigma              = 0.800000
2023-02-09 10:13:24,008 aeolis.model INFO       veggrowth_type         = orig
2023-02-09 10:13:24,008 aeolis.model INFO       vegshear_type          = raupach
2023-02-09 10:13:24,008 aeolis.model INFO       visualization          = F
2023-02-09 10:13:24,008 aeolis.model INFO       w1_5                   = 0.020000
2023-02-09 10:13:24,008 aeolis.model INFO       wave_file              = ../data/bc/waves_constant.txt
2023-02-09 10:13:24,008 aeolis.model INFO       wave_mask              = <novalue>
2023-02-09 10:13:24,008 aeolis.model INFO       wind_convention        = cartesian
2023-02-09 10:13:24,008 aeolis.model INFO       wind_file              = ../data/bc/wind_constant.txt
2023-02-09 10:13:24,009 aeolis.model INFO       xgrid_file             = ../data/grids/x.grd
2023-02-09 10:13:24,009 aeolis.model INFO       xi                     = 0.300000
2023-02-09 10:13:24,009 aeolis.model INFO       ygrid_file             = ../data/grids/y.grd
2023-02-09 10:13:24,009 aeolis.model INFO       z                      = 10.00
2023-02-09 10:13:24,009 aeolis.model INFO       zsep_y_filter          = F
2023-02-09 10:13:24,009 aeolis.model INFO     **********************************************************
2023-02-09 10:13:24,009 aeolis.model INFO     
2023-02-09 10:13:24,073 aeolis.model INFO             Time elapsed / Total time / Time remaining / Average Timestep
2023-02-09 10:13:24,073 aeolis.model INFO     000.0%       0:00:00 /    0:43:01 /        0:43:01 / 3600.0
2023-02-09 10:13:30,505 aeolis.model INFO     001.0%       0:00:06 /    0:10:46 /        0:10:39 / 3600.0
2023-02-09 10:13:36,905 aeolis.model INFO     002.0%       0:00:13 /    0:10:43 /        0:10:30 / 3600.0
2023-02-09 10:13:43,058 aeolis.model INFO     003.0%       0:00:19 /    0:10:34 /        0:10:15 / 3600.0
2023-02-09 10:13:49,468 aeolis.model INFO     004.0%       0:00:25 /    0:10:35 /        0:10:10 / 3600.0
2023-02-09 10:13:55,749 aeolis.model INFO     005.0%       0:00:32 /    0:10:34 /        0:10:02 / 3600.0
2023-02-09 10:14:01,929 aeolis.model INFO     006.0%       0:00:38 /    0:10:31 /        0:09:53 / 3600.0
2023-02-09 10:14:08,185 aeolis.model INFO     007.0%       0:00:44 /    0:10:31 /        0:09:46 / 3600.0
2023-02-09 10:14:14,509 aeolis.model INFO     008.0%       0:00:50 /    0:10:31 /        0:09:40 / 3600.0
2023-02-09 10:14:20,821 aeolis.model INFO     009.0%       0:00:57 /    0:10:31 /        0:09:34 / 3600.0
2023-02-09 10:14:27,102 aeolis.model INFO     010.0%       0:01:03 /    0:10:31 /        0:09:27 / 3600.0
2023-02-09 10:14:33,297 aeolis.model INFO     011.0%       0:01:09 /    0:10:30 /        0:09:20 / 3600.0
2023-02-09 10:14:39,676 aeolis.model INFO     012.0%       0:01:16 /    0:10:30 /        0:09:15 / 3600.0
2023-02-09 10:14:45,899 aeolis.model INFO     013.0%       0:01:22 /    0:10:30 /        0:09:08 / 3600.0
2023-02-09 10:14:52,237 aeolis.model INFO     014.0%       0:01:28 /    0:10:30 /        0:09:02 / 3600.0
2023-02-09 10:14:58,509 aeolis.model INFO     015.0%       0:01:34 /    0:10:30 /        0:08:55 / 3600.0
2023-02-09 10:15:06,629 aeolis.model INFO     016.0%       0:01:43 /    0:10:41 /        0:08:59 / 3600.0
2023-02-09 10:15:13,159 aeolis.model INFO     017.0%       0:01:49 /    0:10:42 /        0:08:53 / 3600.0
2023-02-09 10:15:19,417 aeolis.model INFO     018.0%       0:01:55 /    0:10:41 /        0:08:46 / 3600.0
2023-02-09 10:15:26,291 aeolis.model INFO     019.0%       0:02:02 /    0:10:43 /        0:08:41 / 3600.0
2023-02-09 10:15:32,765 aeolis.model INFO     020.0%       0:02:09 /    0:10:44 /        0:08:35 / 3600.0
2023-02-09 10:15:39,241 aeolis.model INFO     021.0%       0:02:15 /    0:10:44 /        0:08:29 / 3600.0
2023-02-09 10:15:45,593 aeolis.model INFO     022.0%       0:02:22 /    0:10:43 /        0:08:22 / 3600.0
2023-02-09 10:15:51,754 aeolis.model INFO     023.0%       0:02:28 /    0:10:42 /        0:08:15 / 3600.0
2023-02-09 10:15:57,942 aeolis.model INFO     024.0%       0:02:34 /    0:10:41 /        0:08:07 / 3600.0
2023-02-09 10:16:04,153 aeolis.model INFO     025.0%       0:02:40 /    0:10:40 /        0:08:00 / 3600.0
2023-02-09 10:16:10,499 aeolis.model INFO     026.0%       0:02:46 /    0:10:40 /        0:07:54 / 3600.0
2023-02-09 10:16:16,898 aeolis.model INFO     027.0%       0:02:53 /    0:10:40 /        0:07:47 / 3600.0
2023-02-09 10:16:23,211 aeolis.model INFO     028.0%       0:02:59 /    0:10:40 /        0:07:41 / 3600.0
2023-02-09 10:16:29,481 aeolis.model INFO     029.0%       0:03:05 /    0:10:39 /        0:07:34 / 3600.0
2023-02-09 10:16:35,712 aeolis.model INFO     030.0%       0:03:12 /    0:10:39 /        0:07:27 / 3600.0
2023-02-09 10:16:41,977 aeolis.model INFO     031.0%       0:03:18 /    0:10:38 /        0:07:21 / 3600.0
2023-02-09 10:16:48,268 aeolis.model INFO     032.0%       0:03:24 /    0:10:38 /        0:07:14 / 3600.0
2023-02-09 10:16:54,693 aeolis.model INFO     033.0%       0:03:31 /    0:10:38 /        0:07:08 / 3600.0
2023-02-09 10:17:01,387 aeolis.model INFO     034.0%       0:03:37 /    0:10:39 /        0:07:02 / 3600.0
2023-02-09 10:17:07,856 aeolis.model INFO     035.0%       0:03:44 /    0:10:39 /        0:06:56 / 3600.0
2023-02-09 10:17:14,188 aeolis.model INFO     036.0%       0:03:50 /    0:10:39 /        0:06:49 / 3600.0
2023-02-09 10:17:20,591 aeolis.model INFO     037.0%       0:03:57 /    0:10:39 /        0:06:43 / 3600.0
2023-02-09 10:17:26,880 aeolis.model INFO     038.0%       0:04:03 /    0:10:39 /        0:06:36 / 3600.0
2023-02-09 10:17:33,309 aeolis.model INFO     039.0%       0:04:09 /    0:10:39 /        0:06:30 / 3600.0
2023-02-09 10:17:39,833 aeolis.model INFO     040.0%       0:04:16 /    0:10:39 /        0:06:24 / 3600.0
2023-02-09 10:17:46,415 aeolis.model INFO     041.0%       0:04:22 /    0:10:40 /        0:06:18 / 3600.0
2023-02-09 10:17:52,754 aeolis.model INFO     042.0%       0:04:29 /    0:10:40 /        0:06:11 / 3600.0
2023-02-09 10:17:59,098 aeolis.model INFO     043.0%       0:04:35 /    0:10:40 /        0:06:05 / 3600.0
2023-02-09 10:18:05,632 aeolis.model INFO     044.0%       0:04:42 /    0:10:40 /        0:05:58 / 3600.0
2023-02-09 10:18:12,001 aeolis.model INFO     045.0%       0:04:48 /    0:10:40 /        0:05:52 / 3600.0
2023-02-09 10:18:18,442 aeolis.model INFO     046.0%       0:04:54 /    0:10:40 /        0:05:46 / 3600.0
2023-02-09 10:18:24,730 aeolis.model INFO     047.0%       0:05:01 /    0:10:40 /        0:05:39 / 3600.0
2023-02-09 10:18:30,865 aeolis.model INFO     048.0%       0:05:07 /    0:10:39 /        0:05:32 / 3600.0
2023-02-09 10:18:37,252 aeolis.model INFO     049.0%       0:05:13 /    0:10:39 /        0:05:26 / 3600.0
2023-02-09 10:18:43,592 aeolis.model INFO     050.0%       0:05:20 /    0:10:39 /        0:05:20 / 3600.0
2023-02-09 10:18:50,280 aeolis.model INFO     051.0%       0:05:26 /    0:10:40 /        0:05:13 / 3600.0
2023-02-09 10:18:57,243 aeolis.model INFO     052.0%       0:05:33 /    0:10:41 /        0:05:08 / 3600.0
2023-02-09 10:19:03,857 aeolis.model INFO     053.0%       0:05:40 /    0:10:41 /        0:05:01 / 3600.0
2023-02-09 10:19:10,366 aeolis.model INFO     054.0%       0:05:46 /    0:10:41 /        0:04:55 / 3600.0
2023-02-09 10:19:17,808 aeolis.model INFO     055.0%       0:05:54 /    0:10:43 /        0:04:49 / 3600.0
2023-02-09 10:19:24,986 aeolis.model INFO     056.0%       0:06:01 /    0:10:45 /        0:04:44 / 3600.0
2023-02-09 10:19:31,810 aeolis.model INFO     057.0%       0:06:08 /    0:10:45 /        0:04:37 / 3600.0
2023-02-09 10:19:38,562 aeolis.model INFO     058.0%       0:06:15 /    0:10:46 /        0:04:31 / 3600.0
2023-02-09 10:19:45,401 aeolis.model INFO     059.0%       0:06:21 /    0:10:46 /        0:04:25 / 3600.0
2023-02-09 10:19:52,269 aeolis.model INFO     060.0%       0:06:28 /    0:10:47 /        0:04:19 / 3600.0
2023-02-09 10:19:59,279 aeolis.model INFO     061.0%       0:06:35 /    0:10:48 /        0:04:13 / 3600.0
2023-02-09 10:20:06,260 aeolis.model INFO     062.0%       0:06:42 /    0:10:49 /        0:04:07 / 3600.0
2023-02-09 10:20:13,441 aeolis.model INFO     063.0%       0:06:49 /    0:10:50 /        0:04:00 / 3600.0
2023-02-09 10:20:20,510 aeolis.model INFO     064.0%       0:06:56 /    0:10:51 /        0:03:54 / 3600.0
2023-02-09 10:20:27,625 aeolis.model INFO     065.0%       0:07:04 /    0:10:52 /        0:03:48 / 3600.0
2023-02-09 10:20:34,858 aeolis.model INFO     066.0%       0:07:11 /    0:10:53 /        0:03:42 / 3600.0
2023-02-09 10:20:41,947 aeolis.model INFO     067.0%       0:07:18 /    0:10:54 /        0:03:36 / 3600.0
2023-02-09 10:20:49,362 aeolis.model INFO     068.0%       0:07:25 /    0:10:55 /        0:03:30 / 3600.0
2023-02-09 10:20:56,593 aeolis.model INFO     069.0%       0:07:33 /    0:10:56 /        0:03:23 / 3600.0
2023-02-09 10:21:04,452 aeolis.model INFO     070.0%       0:07:40 /    0:10:58 /        0:03:17 / 3600.0
2023-02-09 10:21:12,218 aeolis.model INFO     071.0%       0:07:48 /    0:10:59 /        0:03:11 / 3600.0
2023-02-09 10:21:20,091 aeolis.model INFO     072.0%       0:07:56 /    0:11:01 /        0:03:05 / 3600.0
2023-02-09 10:21:27,791 aeolis.model INFO     073.0%       0:08:04 /    0:11:03 /        0:02:59 / 3600.0
2023-02-09 10:21:35,886 aeolis.model INFO     074.0%       0:08:12 /    0:11:05 /        0:02:53 / 3600.0
2023-02-09 10:21:43,742 aeolis.model INFO     075.0%       0:08:20 /    0:11:06 /        0:02:47 / 3600.0
2023-02-09 10:21:51,763 aeolis.model INFO     076.0%       0:08:28 /    0:11:08 /        0:02:40 / 3600.0
2023-02-09 10:22:00,655 aeolis.model INFO     077.0%       0:08:37 /    0:11:11 /        0:02:34 / 3600.0
2023-02-09 10:22:08,754 aeolis.model INFO     078.0%       0:08:45 /    0:11:13 /        0:02:28 / 3600.0
2023-02-09 10:22:16,663 aeolis.model INFO     079.0%       0:08:53 /    0:11:14 /        0:02:22 / 3600.0
2023-02-09 10:22:25,033 aeolis.model INFO     080.0%       0:09:01 /    0:11:16 /        0:02:15 / 3600.0
2023-02-09 10:22:33,649 aeolis.model INFO     081.0%       0:09:10 /    0:11:19 /        0:02:09 / 3600.0
2023-02-09 10:22:41,828 aeolis.model INFO     082.0%       0:09:18 /    0:11:20 /        0:02:02 / 3600.0
2023-02-09 10:22:49,890 aeolis.model INFO     083.0%       0:09:26 /    0:11:22 /        0:01:56 / 3600.0
2023-02-09 10:22:58,126 aeolis.model INFO     084.0%       0:09:34 /    0:11:23 /        0:01:49 / 3600.0
2023-02-09 10:23:05,522 aeolis.model INFO     085.0%       0:09:41 /    0:11:24 /        0:01:43 / 3600.0
2023-02-09 10:23:13,218 aeolis.model INFO     086.0%       0:09:49 /    0:11:25 /        0:01:36 / 3600.0
2023-02-09 10:23:20,531 aeolis.model INFO     087.0%       0:09:56 /    0:11:26 /        0:01:29 / 3600.0
2023-02-09 10:23:27,168 aeolis.model INFO     088.0%       0:10:03 /    0:11:25 /        0:01:22 / 3600.0
2023-02-09 10:23:33,898 aeolis.model INFO     089.0%       0:10:10 /    0:11:25 /        0:01:15 / 3600.0
2023-02-09 10:23:41,131 aeolis.model INFO     090.0%       0:10:17 /    0:11:26 /        0:01:09 / 3600.0
2023-02-09 10:23:47,941 aeolis.model INFO     091.0%       0:10:24 /    0:11:26 /        0:01:02 / 3600.0
2023-02-09 10:23:55,040 aeolis.model INFO     092.0%       0:10:31 /    0:11:26 /        0:00:55 / 3600.0
2023-02-09 10:24:01,834 aeolis.model INFO     093.0%       0:10:38 /    0:11:26 /        0:00:48 / 3600.0
2023-02-09 10:24:08,897 aeolis.model INFO     094.0%       0:10:45 /    0:11:26 /        0:00:41 / 3600.0
2023-02-09 10:24:16,176 aeolis.model INFO     095.0%       0:10:52 /    0:11:26 /        0:00:34 / 3600.0
2023-02-09 10:24:23,835 aeolis.model INFO     096.0%       0:11:00 /    0:11:27 /        0:00:27 / 3600.0
2023-02-09 10:24:31,302 aeolis.model INFO     097.0%       0:11:07 /    0:11:28 /        0:00:21 / 3600.0
2023-02-09 10:24:38,798 aeolis.model INFO     098.0%       0:11:15 /    0:11:29 /        0:00:14 / 3600.0
2023-02-09 10:24:46,009 aeolis.model INFO     099.0%       0:11:22 /    0:11:29 /        0:00:07 / 3600.0
2023-02-09 10:24:53,226 aeolis.model INFO     100.0%       0:11:29 /    0:11:29 /        0:00:00 / 3600.0
2023-02-09 10:24:53,226 aeolis.model INFO     
2023-02-09 10:24:53,226 aeolis.model INFO     **********************************************************
2023-02-09 10:24:53,226 aeolis.model INFO     # time steps         : 87661
2023-02-09 10:24:53,227 aeolis.model INFO     # matrix solves      : 175320
2023-02-09 10:24:53,227 aeolis.model INFO     # supply lim         : 0
2023-02-09 10:24:53,227 aeolis.model INFO     avg. solves per step : 2.00
2023-02-09 10:24:53,227 aeolis.model INFO     avg. time step       : 3599.96
2023-02-09 10:24:53,227 aeolis.model INFO     **********************************************************
2023-02-09 10:24:53,227 aeolis.model INFO     
